2022-11-10 18:49:00,110:INFO: Loading the datasets...
2022-11-10 18:55:30,335:INFO: Loading the datasets...
2022-11-10 18:57:58,769:INFO: Loading the datasets...
2022-11-10 19:00:31,161:INFO: Loading the datasets...
2022-11-10 19:01:14,938:INFO: Loading the datasets...
2022-11-10 19:01:21,495:INFO: - done.
2022-11-10 19:01:21,599:INFO: Starting training for 100 epoch(s)
2022-11-10 19:01:21,599:INFO: Epoch 1/100
2022-11-10 19:01:46,759:INFO: - Train metrics: precison: 50.02; recall: 31.58; f1: 38.72; loss: 02.88
2022-11-10 19:01:46,762:INFO: - Eval metrics: precison: 00.00; recall: 00.00; f1: 00.00
2022-11-10 19:01:46,784:INFO: Epoch 2/100
2022-11-10 19:02:11,584:INFO: - Train metrics: precison: 58.29; recall: 58.92; f1: 58.61; loss: 02.28
2022-11-10 19:02:11,585:INFO: - Eval metrics: precison: 00.00; recall: 00.00; f1: 00.00
2022-11-10 19:02:11,607:INFO: Epoch 3/100
2022-11-10 19:02:36,824:INFO: - Train metrics: precison: 64.19; recall: 68.36; f1: 66.21; loss: 01.95
2022-11-10 19:02:36,825:INFO: - Eval metrics: precison: 00.00; recall: 00.00; f1: 00.00
2022-11-10 19:02:36,843:INFO: Epoch 4/100
2022-11-10 19:03:02,377:INFO: - Train metrics: precison: 65.26; recall: 73.02; f1: 68.92; loss: 01.79
2022-11-10 19:03:02,378:INFO: - Eval metrics: precison: 00.00; recall: 00.00; f1: 00.00
2022-11-10 19:03:02,397:INFO: Epoch 5/100
2022-11-10 19:03:28,274:INFO: - Train metrics: precison: 65.70; recall: 75.74; f1: 70.36; loss: 01.67
2022-11-10 19:03:28,275:INFO: - Eval metrics: precison: 00.00; recall: 00.00; f1: 00.00
2022-11-10 19:03:28,301:INFO: Epoch 6/100
2022-11-10 19:03:53,423:INFO: - Train metrics: precison: 66.62; recall: 77.41; f1: 71.61; loss: 01.58
2022-11-10 19:03:53,425:INFO: - Eval metrics: precison: 00.00; recall: 00.00; f1: 00.00
2022-11-10 19:03:53,444:INFO: Epoch 7/100
2022-11-10 19:04:18,883:INFO: - Train metrics: precison: 68.68; recall: 77.69; f1: 72.91; loss: 01.58
2022-11-10 19:04:18,884:INFO: - Eval metrics: precison: 00.00; recall: 00.00; f1: 00.00
2022-11-10 19:04:18,905:INFO: Epoch 8/100
2022-11-10 19:04:44,622:INFO: - Train metrics: precison: 69.73; recall: 79.47; f1: 74.28; loss: 01.51
2022-11-10 19:04:44,624:INFO: - Eval metrics: precison: 00.00; recall: 00.00; f1: 00.00
2022-11-10 19:04:44,650:INFO: Epoch 9/100
2022-11-10 19:05:10,283:INFO: - Train metrics: precison: 70.48; recall: 79.94; f1: 74.91; loss: 01.49
2022-11-10 19:05:10,284:INFO: - Eval metrics: precison: 00.00; recall: 00.00; f1: 00.00
2022-11-10 19:05:10,304:INFO: Epoch 10/100
2022-11-10 19:05:35,084:INFO: - Train metrics: precison: 70.56; recall: 81.49; f1: 75.63; loss: 01.46
2022-11-10 19:05:35,085:INFO: - Eval metrics: precison: 00.00; recall: 00.00; f1: 00.00
2022-11-10 19:05:35,107:INFO: Epoch 11/100
2022-11-10 19:06:02,489:INFO: - Train metrics: precison: 70.41; recall: 80.96; f1: 75.32; loss: 01.42
2022-11-10 19:06:02,490:INFO: - Eval metrics: precison: 00.00; recall: 00.00; f1: 00.00
2022-11-10 19:06:02,508:INFO: Epoch 12/100
2022-11-10 19:06:29,482:INFO: - Train metrics: precison: 71.28; recall: 81.52; f1: 76.05; loss: 01.41
2022-11-10 19:06:29,483:INFO: - Eval metrics: precison: 00.00; recall: 00.00; f1: 00.00
2022-11-10 19:06:29,502:INFO: Epoch 13/100
2022-11-10 19:06:55,881:INFO: - Train metrics: precison: 72.18; recall: 82.64; f1: 77.06; loss: 01.38
2022-11-10 19:06:55,882:INFO: - Eval metrics: precison: 00.00; recall: 00.00; f1: 00.00
2022-11-10 19:06:55,901:INFO: Epoch 14/100
2022-11-10 19:07:21,049:INFO: - Train metrics: precison: 72.30; recall: 82.84; f1: 77.21; loss: 01.38
2022-11-10 19:07:21,050:INFO: - Eval metrics: precison: 00.00; recall: 00.00; f1: 00.00
2022-11-10 19:07:21,075:INFO: Epoch 15/100
2022-11-10 19:07:48,848:INFO: - Train metrics: precison: 73.12; recall: 83.44; f1: 77.94; loss: 01.38
2022-11-10 19:07:48,850:INFO: - Eval metrics: precison: 00.00; recall: 00.00; f1: 00.00
2022-11-10 19:07:48,880:INFO: Epoch 16/100
2022-11-10 19:08:15,944:INFO: - Train metrics: precison: 73.96; recall: 82.91; f1: 78.18; loss: 01.33
2022-11-10 19:08:15,945:INFO: - Eval metrics: precison: 00.00; recall: 00.00; f1: 00.00
2022-11-10 19:08:15,964:INFO: Epoch 17/100
2022-11-10 19:08:44,489:INFO: - Train metrics: precison: 73.06; recall: 83.85; f1: 78.08; loss: 01.33
2022-11-10 19:08:44,490:INFO: - Eval metrics: precison: 00.00; recall: 00.00; f1: 00.00
2022-11-10 19:08:44,514:INFO: Epoch 18/100
2022-11-10 19:09:12,649:INFO: - Train metrics: precison: 74.19; recall: 83.99; f1: 78.78; loss: 01.32
2022-11-10 19:09:12,650:INFO: - Eval metrics: precison: 00.00; recall: 00.00; f1: 00.00
2022-11-10 19:09:12,672:INFO: Epoch 19/100
2022-11-10 19:09:38,796:INFO: - Train metrics: precison: 72.83; recall: 83.96; f1: 78.00; loss: 01.28
2022-11-10 19:09:38,800:INFO: - Eval metrics: precison: 00.00; recall: 00.00; f1: 00.00
2022-11-10 19:09:38,837:INFO: Epoch 20/100
2022-11-10 19:10:04,567:INFO: - Train metrics: precison: 73.76; recall: 84.84; f1: 78.91; loss: 01.27
2022-11-10 19:10:04,568:INFO: - Eval metrics: precison: 00.00; recall: 00.00; f1: 00.00
2022-11-10 19:10:04,594:INFO: Epoch 21/100
2022-11-10 19:10:29,997:INFO: - Train metrics: precison: 73.52; recall: 83.70; f1: 78.28; loss: 01.26
2022-11-10 19:10:29,998:INFO: - Eval metrics: precison: 00.00; recall: 00.00; f1: 00.00
2022-11-10 19:10:30,018:INFO: Epoch 22/100
2022-11-10 19:10:54,857:INFO: - Train metrics: precison: 75.10; recall: 84.96; f1: 79.73; loss: 01.27
2022-11-10 19:10:54,859:INFO: - Eval metrics: precison: 00.00; recall: 00.00; f1: 00.00
2022-11-10 19:10:54,878:INFO: Epoch 23/100
2022-11-10 19:11:21,358:INFO: - Train metrics: precison: 75.36; recall: 84.99; f1: 79.89; loss: 01.25
2022-11-10 19:11:21,359:INFO: - Eval metrics: precison: 00.00; recall: 00.00; f1: 00.00
2022-11-10 19:11:21,387:INFO: Epoch 24/100
2022-11-10 19:11:48,371:INFO: - Train metrics: precison: 74.98; recall: 85.51; f1: 79.90; loss: 01.25
2022-11-10 19:11:48,372:INFO: - Eval metrics: precison: 00.00; recall: 00.00; f1: 00.00
2022-11-10 19:11:48,392:INFO: Epoch 25/100
2022-11-10 19:12:12,913:INFO: - Train metrics: precison: 76.29; recall: 84.80; f1: 80.32; loss: 01.24
2022-11-10 19:12:12,914:INFO: - Eval metrics: precison: 00.00; recall: 00.00; f1: 00.00
2022-11-10 19:12:12,932:INFO: Epoch 26/100
2022-11-10 19:12:39,013:INFO: - Train metrics: precison: 76.23; recall: 86.01; f1: 80.83; loss: 01.22
2022-11-10 19:12:39,014:INFO: - Eval metrics: precison: 00.00; recall: 00.00; f1: 00.00
2022-11-10 19:12:39,034:INFO: Epoch 27/100
2022-11-10 19:13:03,851:INFO: - Train metrics: precison: 76.26; recall: 85.80; f1: 80.75; loss: 01.21
2022-11-10 19:13:03,852:INFO: - Eval metrics: precison: 00.00; recall: 00.00; f1: 00.00
2022-11-10 19:13:03,871:INFO: Epoch 28/100
2022-11-10 19:13:30,138:INFO: - Train metrics: precison: 75.08; recall: 86.54; f1: 80.40; loss: 01.20
2022-11-10 19:13:30,139:INFO: - Eval metrics: precison: 00.00; recall: 00.00; f1: 00.00
2022-11-10 19:13:30,161:INFO: Epoch 29/100
2022-11-10 19:13:55,384:INFO: - Train metrics: precison: 76.23; recall: 86.43; f1: 81.01; loss: 01.19
2022-11-10 19:13:55,385:INFO: - Eval metrics: precison: 00.00; recall: 00.00; f1: 00.00
2022-11-10 19:13:55,404:INFO: Epoch 30/100
2022-11-10 19:14:20,653:INFO: - Train metrics: precison: 75.62; recall: 86.98; f1: 80.90; loss: 01.19
2022-11-10 19:14:20,655:INFO: - Eval metrics: precison: 00.00; recall: 00.00; f1: 00.00
2022-11-10 19:14:20,679:INFO: Epoch 31/100
2022-11-10 19:14:47,837:INFO: - Train metrics: precison: 76.00; recall: 86.98; f1: 81.12; loss: 01.20
2022-11-10 19:14:47,839:INFO: - Eval metrics: precison: 00.00; recall: 00.00; f1: 00.00
2022-11-10 19:14:47,857:INFO: Epoch 32/100
2022-11-10 19:15:13,827:INFO: - Train metrics: precison: 75.87; recall: 86.83; f1: 80.98; loss: 01.17
2022-11-10 19:15:13,829:INFO: - Eval metrics: precison: 00.00; recall: 00.00; f1: 00.00
2022-11-10 19:15:13,853:INFO: Epoch 33/100
2022-11-10 19:15:39,022:INFO: - Train metrics: precison: 77.79; recall: 87.83; f1: 82.50; loss: 01.15
2022-11-10 19:15:39,023:INFO: - Eval metrics: precison: 00.00; recall: 00.00; f1: 00.00
2022-11-10 19:15:39,051:INFO: Epoch 34/100
2022-11-10 19:16:04,667:INFO: - Train metrics: precison: 77.49; recall: 87.37; f1: 82.13; loss: 01.16
2022-11-10 19:16:04,670:INFO: - Eval metrics: precison: 00.00; recall: 00.00; f1: 00.00
2022-11-10 19:16:04,691:INFO: Epoch 35/100
2022-11-10 19:16:29,059:INFO: - Train metrics: precison: 77.51; recall: 87.69; f1: 82.29; loss: 01.15
2022-11-10 19:16:29,060:INFO: - Eval metrics: precison: 00.00; recall: 00.00; f1: 00.00
2022-11-10 19:16:29,080:INFO: Epoch 36/100
2022-11-10 19:16:54,063:INFO: - Train metrics: precison: 77.60; recall: 87.47; f1: 82.24; loss: 01.15
2022-11-10 19:16:54,064:INFO: - Eval metrics: precison: 00.00; recall: 00.00; f1: 00.00
2022-11-10 19:16:54,082:INFO: Epoch 37/100
2022-11-10 19:17:18,401:INFO: - Train metrics: precison: 77.04; recall: 87.80; f1: 82.07; loss: 01.15
2022-11-10 19:17:18,403:INFO: - Eval metrics: precison: 00.00; recall: 00.00; f1: 00.00
2022-11-10 19:17:18,425:INFO: Epoch 38/100
2022-11-10 19:17:42,679:INFO: - Train metrics: precison: 78.49; recall: 87.28; f1: 82.66; loss: 01.12
2022-11-10 19:17:42,680:INFO: - Eval metrics: precison: 00.00; recall: 00.00; f1: 00.00
2022-11-10 19:17:42,703:INFO: Epoch 39/100
2022-11-10 19:18:07,985:INFO: - Train metrics: precison: 80.16; recall: 87.06; f1: 83.47; loss: 01.12
2022-11-10 19:18:07,987:INFO: - Eval metrics: precison: 00.00; recall: 00.00; f1: 00.00
2022-11-10 19:18:08,011:INFO: Epoch 40/100
2022-11-10 19:18:32,970:INFO: - Train metrics: precison: 79.06; recall: 87.94; f1: 83.26; loss: 01.12
2022-11-10 19:18:32,972:INFO: - Eval metrics: precison: 00.00; recall: 00.00; f1: 00.00
2022-11-10 19:18:32,997:INFO: Epoch 41/100
2022-11-10 19:18:58,955:INFO: - Train metrics: precison: 78.85; recall: 88.06; f1: 83.20; loss: 01.11
2022-11-10 19:18:58,957:INFO: - Eval metrics: precison: 00.00; recall: 00.00; f1: 00.00
2022-11-10 19:18:58,981:INFO: Epoch 42/100
2022-11-10 19:19:23,816:INFO: - Train metrics: precison: 80.11; recall: 88.19; f1: 83.96; loss: 01.11
2022-11-10 19:19:23,818:INFO: - Eval metrics: precison: 00.00; recall: 00.00; f1: 00.00
2022-11-10 19:19:23,839:INFO: Epoch 43/100
2022-11-10 19:19:48,943:INFO: - Train metrics: precison: 78.80; recall: 88.97; f1: 83.58; loss: 01.11
2022-11-10 19:19:48,945:INFO: - Eval metrics: precison: 00.00; recall: 00.00; f1: 00.00
2022-11-10 19:19:48,968:INFO: Epoch 44/100
2022-11-10 19:20:13,708:INFO: - Train metrics: precison: 78.39; recall: 88.62; f1: 83.19; loss: 01.10
2022-11-10 19:20:13,709:INFO: - Eval metrics: precison: 00.00; recall: 00.00; f1: 00.00
2022-11-10 19:20:13,732:INFO: Epoch 45/100
2022-11-10 19:20:39,851:INFO: - Train metrics: precison: 78.79; recall: 88.51; f1: 83.37; loss: 01.10
2022-11-10 19:20:39,852:INFO: - Eval metrics: precison: 00.00; recall: 00.00; f1: 00.00
2022-11-10 19:20:39,874:INFO: Epoch 46/100
2022-11-10 19:21:04,388:INFO: - Train metrics: precison: 79.57; recall: 88.41; f1: 83.76; loss: 01.10
2022-11-10 19:21:04,390:INFO: - Eval metrics: precison: 00.00; recall: 00.00; f1: 00.00
2022-11-10 19:21:04,409:INFO: Epoch 47/100
2022-11-10 19:21:30,679:INFO: - Train metrics: precison: 80.24; recall: 88.19; f1: 84.03; loss: 01.10
2022-11-10 19:21:30,680:INFO: - Eval metrics: precison: 00.00; recall: 00.00; f1: 00.00
2022-11-10 19:21:30,707:INFO: Epoch 48/100
2022-11-10 19:21:55,700:INFO: - Train metrics: precison: 79.09; recall: 88.89; f1: 83.70; loss: 01.07
2022-11-10 19:21:55,701:INFO: - Eval metrics: precison: 00.00; recall: 00.00; f1: 00.00
2022-11-10 19:21:55,720:INFO: Epoch 49/100
2022-11-10 19:22:21,275:INFO: - Train metrics: precison: 79.83; recall: 88.92; f1: 84.13; loss: 01.06
2022-11-10 19:22:21,276:INFO: - Eval metrics: precison: 00.00; recall: 00.00; f1: 00.00
2022-11-10 19:22:21,301:INFO: Epoch 50/100
2022-11-10 19:22:45,760:INFO: - Train metrics: precison: 79.18; recall: 89.30; f1: 83.94; loss: 01.07
2022-11-10 19:22:45,762:INFO: - Eval metrics: precison: 00.00; recall: 00.00; f1: 00.00
2022-11-10 19:22:45,781:INFO: best val f1: 00.00
2022-11-10 20:59:39,819:INFO: Loading the datasets...
2022-11-10 20:59:46,538:INFO: - done.
2022-11-10 20:59:46,650:INFO: Starting training for 100 epoch(s)
2022-11-10 20:59:46,651:INFO: Epoch 1/100
2022-11-10 21:00:11,907:INFO: - Train metrics: precison: 49.42; recall: 30.50; f1: 37.72; loss: 02.88
2022-11-10 21:00:11,910:INFO: - Eval metrics: precison: 00.00; recall: 00.00; f1: 00.00
2022-11-10 21:00:11,934:INFO: Epoch 2/100
2022-11-10 21:00:38,776:INFO: - Train metrics: precison: 58.07; recall: 58.77; f1: 58.42; loss: 02.29
2022-11-10 21:00:38,776:INFO: - Eval metrics: precison: 00.00; recall: 00.00; f1: 00.00
2022-11-10 21:00:38,792:INFO: Epoch 3/100
2022-11-10 21:01:07,691:INFO: - Train metrics: precison: 63.75; recall: 68.65; f1: 66.11; loss: 01.95
2022-11-10 21:01:07,694:INFO: - Eval metrics: precison: 00.00; recall: 00.00; f1: 00.00
2022-11-10 21:01:07,723:INFO: Epoch 4/100
2022-11-10 21:01:36,534:INFO: - Train metrics: precison: 64.41; recall: 72.73; f1: 68.32; loss: 01.77
2022-11-10 21:01:36,536:INFO: - Eval metrics: precison: 00.00; recall: 00.00; f1: 00.00
2022-11-10 21:01:36,562:INFO: Epoch 5/100
2022-11-10 21:02:05,780:INFO: - Train metrics: precison: 65.17; recall: 75.08; f1: 69.78; loss: 01.65
2022-11-10 21:02:05,782:INFO: - Eval metrics: precison: 00.00; recall: 00.00; f1: 00.00
2022-11-10 21:02:05,806:INFO: Epoch 6/100
2022-11-10 21:02:33,213:INFO: - Train metrics: precison: 67.29; recall: 77.30; f1: 71.95; loss: 01.57
2022-11-10 21:02:33,214:INFO: - Eval metrics: precison: 00.00; recall: 00.00; f1: 00.00
2022-11-10 21:02:33,247:INFO: Epoch 7/100
2022-11-10 21:03:02,637:INFO: - Train metrics: precison: 69.20; recall: 78.39; f1: 73.51; loss: 01.57
2022-11-10 21:03:02,639:INFO: - Eval metrics: precison: 00.00; recall: 00.00; f1: 00.00
2022-11-10 21:03:02,665:INFO: Epoch 8/100
2022-11-10 21:03:32,181:INFO: - Train metrics: precison: 69.44; recall: 79.33; f1: 74.06; loss: 01.51
2022-11-10 21:03:32,183:INFO: - Eval metrics: precison: 00.00; recall: 00.00; f1: 00.00
2022-11-10 21:03:32,208:INFO: Epoch 9/100
2022-11-10 21:03:57,118:INFO: - Train metrics: precison: 71.36; recall: 79.53; f1: 75.23; loss: 01.50
2022-11-10 21:03:57,120:INFO: - Eval metrics: precison: 00.00; recall: 00.00; f1: 00.00
2022-11-10 21:03:57,145:INFO: Epoch 10/100
2022-11-10 21:04:23,131:INFO: - Train metrics: precison: 69.88; recall: 80.71; f1: 74.90; loss: 01.45
2022-11-10 21:04:23,133:INFO: - Eval metrics: precison: 00.00; recall: 00.00; f1: 00.00
2022-11-10 21:04:23,161:INFO: Epoch 11/100
2022-11-10 21:04:48,640:INFO: - Train metrics: precison: 70.90; recall: 81.08; f1: 75.65; loss: 01.43
2022-11-10 21:04:48,641:INFO: - Eval metrics: precison: 00.00; recall: 00.00; f1: 00.00
2022-11-10 21:04:48,659:INFO: Epoch 12/100
2022-11-10 21:05:15,019:INFO: - Train metrics: precison: 71.67; recall: 81.64; f1: 76.33; loss: 01.40
2022-11-10 21:05:15,020:INFO: - Eval metrics: precison: 00.00; recall: 00.00; f1: 00.00
2022-11-10 21:05:15,040:INFO: Epoch 13/100
2022-11-10 21:05:40,457:INFO: - Train metrics: precison: 72.62; recall: 82.70; f1: 77.33; loss: 01.37
2022-11-10 21:05:40,458:INFO: - Eval metrics: precison: 00.00; recall: 00.00; f1: 00.00
2022-11-10 21:05:40,480:INFO: Epoch 14/100
2022-11-10 21:06:06,317:INFO: - Train metrics: precison: 73.01; recall: 82.67; f1: 77.54; loss: 01.37
2022-11-10 21:06:06,319:INFO: - Eval metrics: precison: 00.00; recall: 00.00; f1: 00.00
2022-11-10 21:06:06,336:INFO: Epoch 15/100
2022-11-10 21:06:33,373:INFO: - Train metrics: precison: 73.03; recall: 83.82; f1: 78.06; loss: 01.35
2022-11-10 21:06:33,374:INFO: - Eval metrics: precison: 00.00; recall: 00.00; f1: 00.00
2022-11-10 21:06:33,402:INFO: Epoch 16/100
2022-11-10 21:07:01,519:INFO: - Train metrics: precison: 74.27; recall: 83.11; f1: 78.44; loss: 01.33
2022-11-10 21:07:01,521:INFO: - Eval metrics: precison: 00.00; recall: 00.00; f1: 00.00
2022-11-10 21:07:01,546:INFO: Epoch 17/100
2022-11-10 21:07:28,201:INFO: - Train metrics: precison: 73.33; recall: 83.93; f1: 78.27; loss: 01.31
2022-11-10 21:07:28,203:INFO: - Eval metrics: precison: 00.00; recall: 00.00; f1: 00.00
2022-11-10 21:07:28,229:INFO: Epoch 18/100
2022-11-10 21:07:57,139:INFO: - Train metrics: precison: 74.51; recall: 84.01; f1: 78.97; loss: 01.30
2022-11-10 21:07:57,142:INFO: - Eval metrics: precison: 00.00; recall: 00.00; f1: 00.00
2022-11-10 21:07:57,167:INFO: Epoch 19/100
2022-11-10 21:08:26,449:INFO: - Train metrics: precison: 73.52; recall: 83.93; f1: 78.38; loss: 01.27
2022-11-10 21:08:26,464:INFO: - Eval metrics: precison: 00.00; recall: 00.00; f1: 00.00
2022-11-10 21:08:26,480:INFO: Epoch 20/100
2022-11-10 21:08:52,008:INFO: - Train metrics: precison: 74.02; recall: 84.73; f1: 79.02; loss: 01.27
2022-11-10 21:08:52,008:INFO: - Eval metrics: precison: 00.00; recall: 00.00; f1: 00.00
2022-11-10 21:08:52,024:INFO: Epoch 21/100
2022-11-10 21:09:19,873:INFO: - Train metrics: precison: 74.30; recall: 84.26; f1: 78.97; loss: 01.26
2022-11-10 21:09:19,875:INFO: - Eval metrics: precison: 00.00; recall: 00.00; f1: 00.00
2022-11-10 21:09:19,897:INFO: Epoch 22/100
2022-11-10 21:09:49,847:INFO: - Train metrics: precison: 74.98; recall: 84.84; f1: 79.60; loss: 01.25
2022-11-10 21:09:49,849:INFO: - Eval metrics: precison: 00.00; recall: 00.00; f1: 00.00
2022-11-10 21:09:49,872:INFO: Epoch 23/100
2022-11-10 21:10:22,413:INFO: - Train metrics: precison: 75.90; recall: 85.52; f1: 80.42; loss: 01.24
2022-11-10 21:10:22,414:INFO: - Eval metrics: precison: 00.00; recall: 00.00; f1: 00.00
2022-11-10 21:10:22,438:INFO: Epoch 24/100
2022-11-10 21:10:50,640:INFO: - Train metrics: precison: 75.31; recall: 85.31; f1: 80.00; loss: 01.25
2022-11-10 21:10:50,641:INFO: - Eval metrics: precison: 00.00; recall: 00.00; f1: 00.00
2022-11-10 21:10:50,661:INFO: Epoch 25/100
2022-11-10 21:11:17,076:INFO: - Train metrics: precison: 76.62; recall: 85.64; f1: 80.88; loss: 01.22
2022-11-10 21:11:17,078:INFO: - Eval metrics: precison: 00.00; recall: 00.00; f1: 00.00
2022-11-10 21:11:17,114:INFO: Epoch 26/100
2022-11-10 21:11:42,391:INFO: - Train metrics: precison: 74.85; recall: 85.86; f1: 79.98; loss: 01.21
2022-11-10 21:11:42,392:INFO: - Eval metrics: precison: 00.00; recall: 00.00; f1: 00.00
2022-11-10 21:11:42,411:INFO: Epoch 27/100
2022-11-10 21:12:09,155:INFO: - Train metrics: precison: 75.99; recall: 85.84; f1: 80.62; loss: 01.21
2022-11-10 21:12:09,157:INFO: - Eval metrics: precison: 00.00; recall: 00.00; f1: 00.00
2022-11-10 21:12:09,179:INFO: Epoch 28/100
2022-11-10 21:12:34,305:INFO: - Train metrics: precison: 75.43; recall: 86.51; f1: 80.59; loss: 01.22
2022-11-10 21:12:34,306:INFO: - Eval metrics: precison: 00.00; recall: 00.00; f1: 00.00
2022-11-10 21:12:34,332:INFO: Epoch 29/100
2022-11-10 21:13:00,689:INFO: - Train metrics: precison: 76.42; recall: 86.31; f1: 81.07; loss: 01.19
2022-11-10 21:13:00,690:INFO: - Eval metrics: precison: 00.00; recall: 00.00; f1: 00.00
2022-11-10 21:13:00,714:INFO: Epoch 30/100
2022-11-10 21:13:26,731:INFO: - Train metrics: precison: 75.69; recall: 86.46; f1: 80.72; loss: 01.19
2022-11-10 21:13:26,732:INFO: - Eval metrics: precison: 00.00; recall: 00.00; f1: 00.00
2022-11-10 21:13:26,758:INFO: Epoch 31/100
2022-11-10 21:13:52,610:INFO: - Train metrics: precison: 75.29; recall: 86.95; f1: 80.70; loss: 01.17
2022-11-10 21:13:52,612:INFO: - Eval metrics: precison: 00.00; recall: 00.00; f1: 00.00
2022-11-10 21:13:52,631:INFO: Epoch 32/100
2022-11-10 21:14:18,544:INFO: - Train metrics: precison: 75.89; recall: 87.18; f1: 81.14; loss: 01.17
2022-11-10 21:14:18,544:INFO: - Eval metrics: precison: 00.00; recall: 00.00; f1: 00.00
2022-11-10 21:14:18,560:INFO: Epoch 33/100
2022-11-10 21:14:45,501:INFO: - Train metrics: precison: 78.06; recall: 86.80; f1: 82.20; loss: 01.16
2022-11-10 21:14:45,505:INFO: - Eval metrics: precison: 00.00; recall: 00.00; f1: 00.00
2022-11-10 21:14:45,540:INFO: Epoch 34/100
2022-11-10 21:15:11,819:INFO: - Train metrics: precison: 78.40; recall: 86.93; f1: 82.45; loss: 01.15
2022-11-10 21:15:11,820:INFO: - Eval metrics: precison: 00.00; recall: 00.00; f1: 00.00
2022-11-10 21:15:11,840:INFO: Epoch 35/100
2022-11-10 21:15:38,538:INFO: - Train metrics: precison: 78.01; recall: 86.18; f1: 81.89; loss: 01.15
2022-11-10 21:15:38,540:INFO: - Eval metrics: precison: 00.00; recall: 00.00; f1: 00.00
2022-11-10 21:15:38,568:INFO: Epoch 36/100
2022-11-10 21:16:07,327:INFO: - Train metrics: precison: 77.49; recall: 87.56; f1: 82.22; loss: 01.15
2022-11-10 21:16:07,328:INFO: - Eval metrics: precison: 00.00; recall: 00.00; f1: 00.00
2022-11-10 21:16:07,346:INFO: Epoch 37/100
2022-11-10 21:16:33,455:INFO: - Train metrics: precison: 78.10; recall: 87.37; f1: 82.48; loss: 01.12
2022-11-10 21:16:33,456:INFO: - Eval metrics: precison: 00.00; recall: 00.00; f1: 00.00
2022-11-10 21:16:33,474:INFO: Epoch 38/100
2022-11-10 21:17:01,276:INFO: - Train metrics: precison: 77.44; recall: 87.88; f1: 82.33; loss: 01.14
2022-11-10 21:17:01,278:INFO: - Eval metrics: precison: 00.00; recall: 00.00; f1: 00.00
2022-11-10 21:17:01,301:INFO: Epoch 39/100
2022-11-10 21:17:30,824:INFO: - Train metrics: precison: 78.17; recall: 88.03; f1: 82.81; loss: 01.10
2022-11-10 21:17:30,825:INFO: - Eval metrics: precison: 00.00; recall: 00.00; f1: 00.00
2022-11-10 21:17:30,851:INFO: Epoch 40/100
2022-11-10 21:18:03,813:INFO: - Train metrics: precison: 78.18; recall: 87.86; f1: 82.74; loss: 01.11
2022-11-10 21:18:03,816:INFO: - Eval metrics: precison: 00.00; recall: 00.00; f1: 00.00
2022-11-10 21:18:03,848:INFO: Epoch 41/100
2022-11-10 21:18:35,475:INFO: - Train metrics: precison: 78.72; recall: 88.32; f1: 83.24; loss: 01.10
2022-11-10 21:18:35,476:INFO: - Eval metrics: precison: 00.00; recall: 00.00; f1: 00.00
2022-11-10 21:18:35,501:INFO: Epoch 42/100
2022-11-10 21:19:03,627:INFO: - Train metrics: precison: 80.10; recall: 88.27; f1: 83.99; loss: 01.09
2022-11-10 21:19:03,629:INFO: - Eval metrics: precison: 00.00; recall: 00.00; f1: 00.00
2022-11-10 21:19:03,654:INFO: Epoch 43/100
2022-11-10 21:19:32,267:INFO: - Train metrics: precison: 80.00; recall: 88.80; f1: 84.17; loss: 01.10
2022-11-10 21:19:32,269:INFO: - Eval metrics: precison: 00.00; recall: 00.00; f1: 00.00
2022-11-10 21:19:32,287:INFO: Epoch 44/100
2022-11-10 21:19:58,987:INFO: - Train metrics: precison: 78.51; recall: 88.47; f1: 83.19; loss: 01.09
2022-11-10 21:19:58,989:INFO: - Eval metrics: precison: 00.00; recall: 00.00; f1: 00.00
2022-11-10 21:19:59,012:INFO: Epoch 45/100
2022-11-10 21:20:26,338:INFO: - Train metrics: precison: 78.27; recall: 89.04; f1: 83.31; loss: 01.10
2022-11-10 21:20:26,339:INFO: - Eval metrics: precison: 00.00; recall: 00.00; f1: 00.00
2022-11-10 21:20:26,362:INFO: Epoch 46/100
2022-11-10 21:20:53,834:INFO: - Train metrics: precison: 80.13; recall: 88.35; f1: 84.04; loss: 01.11
2022-11-10 21:20:53,836:INFO: - Eval metrics: precison: 00.00; recall: 00.00; f1: 00.00
2022-11-10 21:20:53,857:INFO: Epoch 47/100
2022-11-10 21:21:20,339:INFO: - Train metrics: precison: 79.96; recall: 88.66; f1: 84.09; loss: 01.08
2022-11-10 21:21:20,341:INFO: - Eval metrics: precison: 00.00; recall: 00.00; f1: 00.00
2022-11-10 21:21:20,367:INFO: Epoch 48/100
2022-11-10 21:21:47,854:INFO: - Train metrics: precison: 79.40; recall: 89.32; f1: 84.07; loss: 01.06
2022-11-10 21:21:47,855:INFO: - Eval metrics: precison: 00.00; recall: 00.00; f1: 00.00
2022-11-10 21:21:47,879:INFO: Epoch 49/100
2022-11-10 21:22:13,629:INFO: - Train metrics: precison: 81.50; recall: 89.48; f1: 85.30; loss: 01.07
2022-11-10 21:22:13,631:INFO: - Eval metrics: precison: 00.00; recall: 00.00; f1: 00.00
2022-11-10 21:22:13,652:INFO: Epoch 50/100
2022-11-10 21:22:38,965:INFO: - Train metrics: precison: 79.76; recall: 89.39; f1: 84.30; loss: 01.06
2022-11-10 21:22:38,966:INFO: - Eval metrics: precison: 00.00; recall: 00.00; f1: 00.00
2022-11-10 21:22:38,989:INFO: best val f1: 00.00
